<?xml version="1.0" encoding="utf-8"?>
<outputLog>
  <ApplicationId>8ec8d332-b6aa-4f0b-9f27-3561ece9c97d</ApplicationId>
  <FileLogs>
    <FileLog>
      <CorrelationId>Intent.VisualStudio.Projects.VisualStudio2015Solution#05886b5e-7c91-4f80-9e01-5963238ab5db</CorrelationId>
      <OverwriteBehaviour>always</OverwriteBehaviour>
      <ApplicationRelativeFilePath>../../CoreApplicationFilterVal_10/CoreApplicationFilterVal_10.sln</ApplicationRelativeFilePath>
      <IsIgnored>false</IsIgnored>
    </FileLog>
    <FileLog>
      <ProjectId>10a06631-3ec1-492d-b3f5-8a6d22aab3dc</ProjectId>
      <CorrelationId>TD.Readme.Configuration</CorrelationId>
      <OverwriteBehaviour>always</OverwriteBehaviour>
      <ApplicationRelativeFilePath>../../CoreApplicationFilterVal_10/docs/configuration.md</ApplicationRelativeFilePath>
      <ProjectRelativeFilePath>docs/configuration.md</ProjectRelativeFilePath>
      <IsIgnored>false</IsIgnored>
    </FileLog>
    <FileLog>
      <ProjectId>10a06631-3ec1-492d-b3f5-8a6d22aab3dc</ProjectId>
      <CorrelationId>TD.Readme.Introduction</CorrelationId>
      <OverwriteBehaviour>always</OverwriteBehaviour>
      <ApplicationRelativeFilePath>../../CoreApplicationFilterVal_10/docs/introduction.md</ApplicationRelativeFilePath>
      <ProjectRelativeFilePath>docs/introduction.md</ProjectRelativeFilePath>
      <IsIgnored>false</IsIgnored>
    </FileLog>
    <FileLog>
      <ProjectId>10a06631-3ec1-492d-b3f5-8a6d22aab3dc</ProjectId>
      <CorrelationId>TD.Readme.Migration</CorrelationId>
      <OverwriteBehaviour>always</OverwriteBehaviour>
      <ApplicationRelativeFilePath>../../CoreApplicationFilterVal_10/docs/migration.md</ApplicationRelativeFilePath>
      <ProjectRelativeFilePath>docs/migration.md</ProjectRelativeFilePath>
      <IsIgnored>false</IsIgnored>
    </FileLog>
    <FileLog>
      <ProjectId>7339bab6-26bb-4ade-8dad-18ca0f3ef0b1</ProjectId>
      <CorrelationId>TD.Readme.CoreReadme</CorrelationId>
      <OverwriteBehaviour>always</OverwriteBehaviour>
      <ApplicationRelativeFilePath>../../CoreApplicationFilterVal_10/README.md</ApplicationRelativeFilePath>
      <ProjectRelativeFilePath>README.md</ProjectRelativeFilePath>
      <IsIgnored>false</IsIgnored>
    </FileLog>
    <FileLog>
      <ProjectId>010f789c-045e-4b9a-a65b-32e5dd8c6d52</ProjectId>
      <CorrelationId>TD.GitHubActions.Tests.Unit.run-unit-tests</CorrelationId>
      <OverwriteBehaviour>always</OverwriteBehaviour>
      <ApplicationRelativeFilePath>../../CoreApplicationFilterVal_10/run-unit-tests.yml</ApplicationRelativeFilePath>
      <ProjectRelativeFilePath>run-unit-tests.yml</ProjectRelativeFilePath>
      <IsIgnored>false</IsIgnored>
    </FileLog>
    <FileLog>
      <ProjectId>c7ae37ac-3454-4c58-992c-af78fa646642</ProjectId>
      <CorrelationId>Intent.VisualStudio.Projects.CoreWeb.AppSettings-Default#c7ae37ac-3454-4c58-992c-af78fa646642</CorrelationId>
      <OverwriteBehaviour>always</OverwriteBehaviour>
      <ApplicationRelativeFilePath>../../CoreApplicationFilterVal_10/src/CoreApplicationFilterVal_10.Api/appsettings.json</ApplicationRelativeFilePath>
      <ProjectRelativeFilePath>appsettings.json</ProjectRelativeFilePath>
      <IsIgnored>false</IsIgnored>
    </FileLog>
    <FileLog>
      <ProjectId>7f2e1404-f0ef-4036-96be-d83bdb0200de</ProjectId>
      <CorrelationId>TD.WebApi.REST.ErrorResponse</CorrelationId>
      <OverwriteBehaviour>always</OverwriteBehaviour>
      <ApplicationRelativeFilePath>../../CoreApplicationFilterVal_10/src/CoreApplicationFilterVal_10.Api/Common/Responses/ErrorResponse.cs</ApplicationRelativeFilePath>
      <ProjectRelativeFilePath>ErrorResponse.cs</ProjectRelativeFilePath>
      <IsIgnored>false</IsIgnored>
    </FileLog>
    <FileLog>
      <ProjectId>7f2e1404-f0ef-4036-96be-d83bdb0200de</ProjectId>
      <CorrelationId>TD.WebApi.REST.ForbiddenResponse</CorrelationId>
      <OverwriteBehaviour>always</OverwriteBehaviour>
      <ApplicationRelativeFilePath>../../CoreApplicationFilterVal_10/src/CoreApplicationFilterVal_10.Api/Common/Responses/ForbiddenResponse.cs</ApplicationRelativeFilePath>
      <ProjectRelativeFilePath>ForbiddenResponse.cs</ProjectRelativeFilePath>
      <IsIgnored>false</IsIgnored>
    </FileLog>
    <FileLog>
      <ProjectId>7f2e1404-f0ef-4036-96be-d83bdb0200de</ProjectId>
      <CorrelationId>TD.WebApi.REST.NotFoundResponse</CorrelationId>
      <OverwriteBehaviour>always</OverwriteBehaviour>
      <ApplicationRelativeFilePath>../../CoreApplicationFilterVal_10/src/CoreApplicationFilterVal_10.Api/Common/Responses/NotFoundResponse.cs</ApplicationRelativeFilePath>
      <ProjectRelativeFilePath>NotFoundResponse.cs</ProjectRelativeFilePath>
      <IsIgnored>false</IsIgnored>
    </FileLog>
    <FileLog>
      <ProjectId>7f2e1404-f0ef-4036-96be-d83bdb0200de</ProjectId>
      <CorrelationId>TD.WebApi.REST.ValidationErrorResponse</CorrelationId>
      <OverwriteBehaviour>always</OverwriteBehaviour>
      <ApplicationRelativeFilePath>../../CoreApplicationFilterVal_10/src/CoreApplicationFilterVal_10.Api/Common/Responses/ValidationErrorResponse.cs</ApplicationRelativeFilePath>
      <ProjectRelativeFilePath>ValidationErrorResponse.cs</ProjectRelativeFilePath>
      <IsIgnored>false</IsIgnored>
    </FileLog>
    <FileLog>
      <ProjectId>a0f9853b-02b0-43db-a5d4-4e7c4c1123ca</ProjectId>
      <CorrelationId>TD.WebApi.REST.Controllers#1888ff76-fbfe-4ba2-9c61-4bd69dde808c</CorrelationId>
      <OverwriteBehaviour>always</OverwriteBehaviour>
      <ApplicationRelativeFilePath>../../CoreApplicationFilterVal_10/src/CoreApplicationFilterVal_10.Api/Controllers/OwnerController.cs</ApplicationRelativeFilePath>
      <ProjectRelativeFilePath>OwnerController.cs</ProjectRelativeFilePath>
      <IsIgnored>false</IsIgnored>
    </FileLog>
    <FileLog>
      <ProjectId>c7ae37ac-3454-4c58-992c-af78fa646642</ProjectId>
      <CorrelationId>Intent.VisualStudio.Projects.CoreWeb.CSProject#c7ae37ac-3454-4c58-992c-af78fa646642</CorrelationId>
      <OverwriteBehaviour>once-off</OverwriteBehaviour>
      <ApplicationRelativeFilePath>../../CoreApplicationFilterVal_10/src/CoreApplicationFilterVal_10.Api/CoreApplicationFilterVal_10.Api.csproj</ApplicationRelativeFilePath>
      <ProjectRelativeFilePath>CoreApplicationFilterVal_10.Api.csproj</ProjectRelativeFilePath>
      <IsIgnored>false</IsIgnored>
    </FileLog>
    <FileLog>
      <ProjectId>7210fbc3-eb22-453a-987e-cf66fd507731</ProjectId>
      <CorrelationId>TD.WebApi.REST.ExceptionMiddleware</CorrelationId>
      <OverwriteBehaviour>always</OverwriteBehaviour>
      <ApplicationRelativeFilePath>../../CoreApplicationFilterVal_10/src/CoreApplicationFilterVal_10.Api/Middleware/ExceptionMiddleware.cs</ApplicationRelativeFilePath>
      <ProjectRelativeFilePath>ExceptionMiddleware.cs</ProjectRelativeFilePath>
      <IsIgnored>false</IsIgnored>
    </FileLog>
    <FileLog>
      <ProjectId>7210fbc3-eb22-453a-987e-cf66fd507731</ProjectId>
      <CorrelationId>TD.WebApi.REST.LoggingMiddleware</CorrelationId>
      <OverwriteBehaviour>always</OverwriteBehaviour>
      <ApplicationRelativeFilePath>../../CoreApplicationFilterVal_10/src/CoreApplicationFilterVal_10.Api/Middleware/LoggingMiddleware.cs</ApplicationRelativeFilePath>
      <ProjectRelativeFilePath>LoggingMiddleware.cs</ProjectRelativeFilePath>
      <IsIgnored>false</IsIgnored>
    </FileLog>
    <FileLog>
      <ProjectId>c7ae37ac-3454-4c58-992c-af78fa646642</ProjectId>
      <CorrelationId>TD.WebApi.REST.Program</CorrelationId>
      <OverwriteBehaviour>always</OverwriteBehaviour>
      <ApplicationRelativeFilePath>../../CoreApplicationFilterVal_10/src/CoreApplicationFilterVal_10.Api/Program.cs</ApplicationRelativeFilePath>
      <ProjectRelativeFilePath>Program.cs</ProjectRelativeFilePath>
      <IsIgnored>false</IsIgnored>
    </FileLog>
    <FileLog>
      <ProjectId>c7ae37ac-3454-4c58-992c-af78fa646642</ProjectId>
      <CorrelationId>Intent.VisualStudio.Projects.CoreWeb.LaunchSettings#c7ae37ac-3454-4c58-992c-af78fa646642</CorrelationId>
      <OverwriteBehaviour>always</OverwriteBehaviour>
      <ApplicationRelativeFilePath>../../CoreApplicationFilterVal_10/src/CoreApplicationFilterVal_10.Api/Properties/launchsettings.json</ApplicationRelativeFilePath>
      <ProjectRelativeFilePath>Properties/launchsettings.json</ProjectRelativeFilePath>
      <IsIgnored>false</IsIgnored>
    </FileLog>
    <FileLog>
      <ProjectId>e920bd25-ac21-47a9-a4ed-5606f380bccd</ProjectId>
      <CorrelationId>Intent.EntityFrameworkCore.DbContextInterface</CorrelationId>
      <OverwriteBehaviour>always</OverwriteBehaviour>
      <ApplicationRelativeFilePath>../../CoreApplicationFilterVal_10/src/CoreApplicationFilterVal_10.Application/Common/Interfaces/IApplicationDbContext.cs</ApplicationRelativeFilePath>
      <ProjectRelativeFilePath>IApplicationDbContext.cs</ProjectRelativeFilePath>
      <IsIgnored>false</IsIgnored>
    </FileLog>
    <FileLog>
      <ProjectId>e920bd25-ac21-47a9-a4ed-5606f380bccd</ProjectId>
      <CorrelationId>TD.Application.Services.ApplicationServiceInterface</CorrelationId>
      <OverwriteBehaviour>always</OverwriteBehaviour>
      <ApplicationRelativeFilePath>../../CoreApplicationFilterVal_10/src/CoreApplicationFilterVal_10.Application/Common/Interfaces/IApplicationService.cs</ApplicationRelativeFilePath>
      <ProjectRelativeFilePath>IApplicationService.cs</ProjectRelativeFilePath>
      <IsIgnored>false</IsIgnored>
    </FileLog>
    <FileLog>
      <ProjectId>e8275a64-82de-4785-8760-6e022b8479cf</ProjectId>
      <CorrelationId>TD.DTOs.AutoMapper.AppMappingProfile</CorrelationId>
      <OverwriteBehaviour>always</OverwriteBehaviour>
      <ApplicationRelativeFilePath>../../CoreApplicationFilterVal_10/src/CoreApplicationFilterVal_10.Application/Common/Mapping/AppMappingProfile.cs</ApplicationRelativeFilePath>
      <ProjectRelativeFilePath>AppMappingProfile.cs</ProjectRelativeFilePath>
      <IsIgnored>false</IsIgnored>
    </FileLog>
    <FileLog>
      <ProjectId>5e79154b-9137-4401-b8bd-0f6fa885d8c5</ProjectId>
      <CorrelationId>Intent.VisualStudio.Projects.CoreLibrary.CSProject#5e79154b-9137-4401-b8bd-0f6fa885d8c5</CorrelationId>
      <OverwriteBehaviour>once-off</OverwriteBehaviour>
      <ApplicationRelativeFilePath>../../CoreApplicationFilterVal_10/src/CoreApplicationFilterVal_10.Application/CoreApplicationFilterVal_10.Application.csproj</ApplicationRelativeFilePath>
      <ProjectRelativeFilePath>CoreApplicationFilterVal_10.Application.csproj</ProjectRelativeFilePath>
      <IsIgnored>false</IsIgnored>
    </FileLog>
    <FileLog>
      <ProjectId>5e79154b-9137-4401-b8bd-0f6fa885d8c5</ProjectId>
      <CorrelationId>TD.Application.DI.ApplicationDependencyInjection</CorrelationId>
      <OverwriteBehaviour>always</OverwriteBehaviour>
      <ApplicationRelativeFilePath>../../CoreApplicationFilterVal_10/src/CoreApplicationFilterVal_10.Application/DependencyInjection.cs</ApplicationRelativeFilePath>
      <ProjectRelativeFilePath>DependencyInjection.cs</ProjectRelativeFilePath>
      <IsIgnored>false</IsIgnored>
    </FileLog>
    <FileLog>
      <ProjectId>6e05b783-a9da-47c7-8996-a32b6a61570d</ProjectId>
      <CorrelationId>TD.Domain.Entities.CodeEntityInterface</CorrelationId>
      <OverwriteBehaviour>always</OverwriteBehaviour>
      <ApplicationRelativeFilePath>../../CoreApplicationFilterVal_10/src/CoreApplicationFilterVal_10.Domain/Common/Contracts/ICodeEntity.cs</ApplicationRelativeFilePath>
      <ProjectRelativeFilePath>ICodeEntity.cs</ProjectRelativeFilePath>
      <IsIgnored>false</IsIgnored>
    </FileLog>
    <FileLog>
      <ProjectId>6e05b783-a9da-47c7-8996-a32b6a61570d</ProjectId>
      <CorrelationId>TD.Domain.Services.DomainServiceInterface</CorrelationId>
      <OverwriteBehaviour>always</OverwriteBehaviour>
      <ApplicationRelativeFilePath>../../CoreApplicationFilterVal_10/src/CoreApplicationFilterVal_10.Domain/Common/Contracts/IDomainService.cs</ApplicationRelativeFilePath>
      <ProjectRelativeFilePath>IDomainService.cs</ProjectRelativeFilePath>
      <IsIgnored>false</IsIgnored>
    </FileLog>
    <FileLog>
      <ProjectId>6e05b783-a9da-47c7-8996-a32b6a61570d</ProjectId>
      <CorrelationId>TD.Domain.Entities.EntityInterface</CorrelationId>
      <OverwriteBehaviour>always</OverwriteBehaviour>
      <ApplicationRelativeFilePath>../../CoreApplicationFilterVal_10/src/CoreApplicationFilterVal_10.Domain/Common/Contracts/IEntity.cs</ApplicationRelativeFilePath>
      <ProjectRelativeFilePath>IEntity.cs</ProjectRelativeFilePath>
      <IsIgnored>false</IsIgnored>
    </FileLog>
    <FileLog>
      <ProjectId>6e05b783-a9da-47c7-8996-a32b6a61570d</ProjectId>
      <CorrelationId>TD.Domain.Entities.IdEntityInterface</CorrelationId>
      <OverwriteBehaviour>always</OverwriteBehaviour>
      <ApplicationRelativeFilePath>../../CoreApplicationFilterVal_10/src/CoreApplicationFilterVal_10.Domain/Common/Contracts/IIdEntity.cs</ApplicationRelativeFilePath>
      <ProjectRelativeFilePath>IIdEntity.cs</ProjectRelativeFilePath>
      <IsIgnored>false</IsIgnored>
    </FileLog>
    <FileLog>
      <ProjectId>6e05b783-a9da-47c7-8996-a32b6a61570d</ProjectId>
      <CorrelationId>TD.Domain.Contracts.Repositories.ReadOnlyRepositoryInterface</CorrelationId>
      <OverwriteBehaviour>always</OverwriteBehaviour>
      <ApplicationRelativeFilePath>../../CoreApplicationFilterVal_10/src/CoreApplicationFilterVal_10.Domain/Common/Contracts/IReadOnlyRepository.cs</ApplicationRelativeFilePath>
      <ProjectRelativeFilePath>IReadOnlyRepository.cs</ProjectRelativeFilePath>
      <IsIgnored>false</IsIgnored>
    </FileLog>
    <FileLog>
      <ProjectId>6e05b783-a9da-47c7-8996-a32b6a61570d</ProjectId>
      <CorrelationId>TD.Domain.Contracts.Repositories.ReadWriteRepositoryInterface</CorrelationId>
      <OverwriteBehaviour>always</OverwriteBehaviour>
      <ApplicationRelativeFilePath>../../CoreApplicationFilterVal_10/src/CoreApplicationFilterVal_10.Domain/Common/Contracts/IReadWriteRepository.cs</ApplicationRelativeFilePath>
      <ProjectRelativeFilePath>IReadWriteRepository.cs</ProjectRelativeFilePath>
      <IsIgnored>false</IsIgnored>
    </FileLog>
    <FileLog>
      <ProjectId>6e05b783-a9da-47c7-8996-a32b6a61570d</ProjectId>
      <CorrelationId>TD.Domain.Contracts.Repositories.RepositoryInterface</CorrelationId>
      <OverwriteBehaviour>always</OverwriteBehaviour>
      <ApplicationRelativeFilePath>../../CoreApplicationFilterVal_10/src/CoreApplicationFilterVal_10.Domain/Common/Contracts/IRepository.cs</ApplicationRelativeFilePath>
      <ProjectRelativeFilePath>IRepository.cs</ProjectRelativeFilePath>
      <IsIgnored>false</IsIgnored>
    </FileLog>
    <FileLog>
      <ProjectId>6e05b783-a9da-47c7-8996-a32b6a61570d</ProjectId>
      <CorrelationId>TD.Domain.Common.IService</CorrelationId>
      <OverwriteBehaviour>always</OverwriteBehaviour>
      <ApplicationRelativeFilePath>../../CoreApplicationFilterVal_10/src/CoreApplicationFilterVal_10.Domain/Common/Contracts/IService.cs</ApplicationRelativeFilePath>
      <ProjectRelativeFilePath>IService.cs</ProjectRelativeFilePath>
      <IsIgnored>false</IsIgnored>
    </FileLog>
    <FileLog>
      <ProjectId>6fd72da5-83cf-4821-94bc-92d2d73544c8</ProjectId>
      <CorrelationId>TD.Domain.Common.EnvVarNotFoundException</CorrelationId>
      <OverwriteBehaviour>always</OverwriteBehaviour>
      <ApplicationRelativeFilePath>../../CoreApplicationFilterVal_10/src/CoreApplicationFilterVal_10.Domain/Common/Exceptions/EnvVarNotFoundException.cs</ApplicationRelativeFilePath>
      <ProjectRelativeFilePath>EnvVarNotFoundException.cs</ProjectRelativeFilePath>
      <IsIgnored>false</IsIgnored>
    </FileLog>
    <FileLog>
      <ProjectId>6fd72da5-83cf-4821-94bc-92d2d73544c8</ProjectId>
      <CorrelationId>TD.Domain.Common.NotFoundException</CorrelationId>
      <OverwriteBehaviour>always</OverwriteBehaviour>
      <ApplicationRelativeFilePath>../../CoreApplicationFilterVal_10/src/CoreApplicationFilterVal_10.Domain/Common/Exceptions/NotFoundException.cs</ApplicationRelativeFilePath>
      <ProjectRelativeFilePath>NotFoundException.cs</ProjectRelativeFilePath>
      <IsIgnored>false</IsIgnored>
    </FileLog>
    <FileLog>
      <ProjectId>6fd72da5-83cf-4821-94bc-92d2d73544c8</ProjectId>
      <CorrelationId>TD.Domain.Common.ValidationException</CorrelationId>
      <OverwriteBehaviour>always</OverwriteBehaviour>
      <ApplicationRelativeFilePath>../../CoreApplicationFilterVal_10/src/CoreApplicationFilterVal_10.Domain/Common/Exceptions/ValidationException.cs</ApplicationRelativeFilePath>
      <ProjectRelativeFilePath>ValidationException.cs</ProjectRelativeFilePath>
      <IsIgnored>false</IsIgnored>
    </FileLog>
    <FileLog>
      <ProjectId>2e40d5c1-3577-4611-9e8a-eec8cc8a156f</ProjectId>
      <CorrelationId>TD.Domain.Entities.Filters.ContainsFilter</CorrelationId>
      <OverwriteBehaviour>always</OverwriteBehaviour>
      <ApplicationRelativeFilePath>../../CoreApplicationFilterVal_10/src/CoreApplicationFilterVal_10.Domain/Common/Filters/Attributes/ContainsFilter.cs</ApplicationRelativeFilePath>
      <ProjectRelativeFilePath>ContainsFilter.cs</ProjectRelativeFilePath>
      <IsIgnored>false</IsIgnored>
    </FileLog>
    <FileLog>
      <ProjectId>2e40d5c1-3577-4611-9e8a-eec8cc8a156f</ProjectId>
      <CorrelationId>TD.Domain.Entities.Filters.EqualsFilter</CorrelationId>
      <OverwriteBehaviour>always</OverwriteBehaviour>
      <ApplicationRelativeFilePath>../../CoreApplicationFilterVal_10/src/CoreApplicationFilterVal_10.Domain/Common/Filters/Attributes/EqualsFilter.cs</ApplicationRelativeFilePath>
      <ProjectRelativeFilePath>EqualsFilter.cs</ProjectRelativeFilePath>
      <IsIgnored>false</IsIgnored>
    </FileLog>
    <FileLog>
      <ProjectId>2e40d5c1-3577-4611-9e8a-eec8cc8a156f</ProjectId>
      <CorrelationId>TD.Domain.Entities.Filters.GreaterThanEqualsFilter</CorrelationId>
      <OverwriteBehaviour>always</OverwriteBehaviour>
      <ApplicationRelativeFilePath>../../CoreApplicationFilterVal_10/src/CoreApplicationFilterVal_10.Domain/Common/Filters/Attributes/GreaterThanEqualsFilter.cs</ApplicationRelativeFilePath>
      <ProjectRelativeFilePath>GreaterThanEqualsFilter.cs</ProjectRelativeFilePath>
      <IsIgnored>false</IsIgnored>
    </FileLog>
    <FileLog>
      <ProjectId>2e40d5c1-3577-4611-9e8a-eec8cc8a156f</ProjectId>
      <CorrelationId>TD.Domain.Entities.Filters.GreaterThanFilter</CorrelationId>
      <OverwriteBehaviour>always</OverwriteBehaviour>
      <ApplicationRelativeFilePath>../../CoreApplicationFilterVal_10/src/CoreApplicationFilterVal_10.Domain/Common/Filters/Attributes/GreaterThanFilter.cs</ApplicationRelativeFilePath>
      <ProjectRelativeFilePath>GreaterThanFilter.cs</ProjectRelativeFilePath>
      <IsIgnored>false</IsIgnored>
    </FileLog>
    <FileLog>
      <ProjectId>2e40d5c1-3577-4611-9e8a-eec8cc8a156f</ProjectId>
      <CorrelationId>TD.Domain.Entities.Filters.InFilter</CorrelationId>
      <OverwriteBehaviour>always</OverwriteBehaviour>
      <ApplicationRelativeFilePath>../../CoreApplicationFilterVal_10/src/CoreApplicationFilterVal_10.Domain/Common/Filters/Attributes/InFilter.cs</ApplicationRelativeFilePath>
      <ProjectRelativeFilePath>InFilter.cs</ProjectRelativeFilePath>
      <IsIgnored>false</IsIgnored>
    </FileLog>
    <FileLog>
      <ProjectId>2e40d5c1-3577-4611-9e8a-eec8cc8a156f</ProjectId>
      <CorrelationId>TD.Domain.Entities.Filters.LessThanEqualsFilter</CorrelationId>
      <OverwriteBehaviour>always</OverwriteBehaviour>
      <ApplicationRelativeFilePath>../../CoreApplicationFilterVal_10/src/CoreApplicationFilterVal_10.Domain/Common/Filters/Attributes/LessThanEqualsFilter.cs</ApplicationRelativeFilePath>
      <ProjectRelativeFilePath>LessThanEqualsFilter.cs</ProjectRelativeFilePath>
      <IsIgnored>false</IsIgnored>
    </FileLog>
    <FileLog>
      <ProjectId>2e40d5c1-3577-4611-9e8a-eec8cc8a156f</ProjectId>
      <CorrelationId>TD.Domain.Entities.Filters.LessThanFilter</CorrelationId>
      <OverwriteBehaviour>always</OverwriteBehaviour>
      <ApplicationRelativeFilePath>../../CoreApplicationFilterVal_10/src/CoreApplicationFilterVal_10.Domain/Common/Filters/Attributes/LessThanFilter.cs</ApplicationRelativeFilePath>
      <ProjectRelativeFilePath>LessThanFilter.cs</ProjectRelativeFilePath>
      <IsIgnored>false</IsIgnored>
    </FileLog>
    <FileLog>
      <ProjectId>2e40d5c1-3577-4611-9e8a-eec8cc8a156f</ProjectId>
      <CorrelationId>TD.Domain.Entities.Filters.SearchFilter</CorrelationId>
      <OverwriteBehaviour>always</OverwriteBehaviour>
      <ApplicationRelativeFilePath>../../CoreApplicationFilterVal_10/src/CoreApplicationFilterVal_10.Domain/Common/Filters/Attributes/SearchFilter.cs</ApplicationRelativeFilePath>
      <ProjectRelativeFilePath>SearchFilter.cs</ProjectRelativeFilePath>
      <IsIgnored>false</IsIgnored>
    </FileLog>
    <FileLog>
      <ProjectId>b723a9cc-90f5-46dc-955c-fd4cdc5c5e6c</ProjectId>
      <CorrelationId>TD.Domain.Entities.Filters.FilterAttribute</CorrelationId>
      <OverwriteBehaviour>always</OverwriteBehaviour>
      <ApplicationRelativeFilePath>../../CoreApplicationFilterVal_10/src/CoreApplicationFilterVal_10.Domain/Common/Filters/FilterAttribute.cs</ApplicationRelativeFilePath>
      <ProjectRelativeFilePath>FilterAttribute.cs</ProjectRelativeFilePath>
      <IsIgnored>false</IsIgnored>
    </FileLog>
    <FileLog>
      <ProjectId>b723a9cc-90f5-46dc-955c-fd4cdc5c5e6c</ProjectId>
      <CorrelationId>TD.Domain.Entities.Filters.ListFilter</CorrelationId>
      <OverwriteBehaviour>always</OverwriteBehaviour>
      <ApplicationRelativeFilePath>../../CoreApplicationFilterVal_10/src/CoreApplicationFilterVal_10.Domain/Common/Filters/ListFilter.cs</ApplicationRelativeFilePath>
      <ProjectRelativeFilePath>ListFilter.cs</ProjectRelativeFilePath>
      <IsIgnored>false</IsIgnored>
    </FileLog>
    <FileLog>
      <ProjectId>4bfdd032-3816-407f-aed3-0db9f96f471b</ProjectId>
      <CorrelationId>TD.DTOs.AutoMapper.IMapFrom</CorrelationId>
      <OverwriteBehaviour>always</OverwriteBehaviour>
      <ApplicationRelativeFilePath>../../CoreApplicationFilterVal_10/src/CoreApplicationFilterVal_10.Domain/Common/Mapping/IMapFrom.cs</ApplicationRelativeFilePath>
      <ProjectRelativeFilePath>IMapFrom.cs</ProjectRelativeFilePath>
      <IsIgnored>false</IsIgnored>
    </FileLog>
    <FileLog>
      <ProjectId>4bfdd032-3816-407f-aed3-0db9f96f471b</ProjectId>
      <CorrelationId>TD.DTOs.AutoMapper.IMapTo</CorrelationId>
      <OverwriteBehaviour>always</OverwriteBehaviour>
      <ApplicationRelativeFilePath>../../CoreApplicationFilterVal_10/src/CoreApplicationFilterVal_10.Domain/Common/Mapping/IMapTo.cs</ApplicationRelativeFilePath>
      <ProjectRelativeFilePath>IMapTo.cs</ProjectRelativeFilePath>
      <IsIgnored>false</IsIgnored>
    </FileLog>
    <FileLog>
      <ProjectId>4bfdd032-3816-407f-aed3-0db9f96f471b</ProjectId>
      <CorrelationId>TD.DTOs.AutoMapper.MappingProfile</CorrelationId>
      <OverwriteBehaviour>always</OverwriteBehaviour>
      <ApplicationRelativeFilePath>../../CoreApplicationFilterVal_10/src/CoreApplicationFilterVal_10.Domain/Common/Mapping/MappingProfile.cs</ApplicationRelativeFilePath>
      <ProjectRelativeFilePath>MappingProfile.cs</ProjectRelativeFilePath>
      <IsIgnored>false</IsIgnored>
    </FileLog>
    <FileLog>
      <ProjectId>4e064a62-31ce-4a10-a69c-7f73c76e5a5d</ProjectId>
      <CorrelationId>TD.Domain.Common.PagedFilter</CorrelationId>
      <OverwriteBehaviour>always</OverwriteBehaviour>
      <ApplicationRelativeFilePath>../../CoreApplicationFilterVal_10/src/CoreApplicationFilterVal_10.Domain/Common/Paging/PagedFilter.cs</ApplicationRelativeFilePath>
      <ProjectRelativeFilePath>PagedFilter.cs</ProjectRelativeFilePath>
      <IsIgnored>false</IsIgnored>
    </FileLog>
    <FileLog>
      <ProjectId>4e064a62-31ce-4a10-a69c-7f73c76e5a5d</ProjectId>
      <CorrelationId>TD.Services.Validation.Fluent.PagedFilterValidator</CorrelationId>
      <OverwriteBehaviour>always</OverwriteBehaviour>
      <ApplicationRelativeFilePath>../../CoreApplicationFilterVal_10/src/CoreApplicationFilterVal_10.Domain/Common/Paging/PagedFilterValidator.cs</ApplicationRelativeFilePath>
      <ProjectRelativeFilePath>PagedFilterValidator.cs</ProjectRelativeFilePath>
      <IsIgnored>false</IsIgnored>
    </FileLog>
    <FileLog>
      <ProjectId>4e064a62-31ce-4a10-a69c-7f73c76e5a5d</ProjectId>
      <CorrelationId>TD.Domain.Common.PagedList</CorrelationId>
      <OverwriteBehaviour>always</OverwriteBehaviour>
      <ApplicationRelativeFilePath>../../CoreApplicationFilterVal_10/src/CoreApplicationFilterVal_10.Domain/Common/Paging/PagedList.cs</ApplicationRelativeFilePath>
      <ProjectRelativeFilePath>PagedList.cs</ProjectRelativeFilePath>
      <IsIgnored>false</IsIgnored>
    </FileLog>
    <FileLog>
      <ProjectId>aba9ebe8-d838-4df8-8697-6c947d5991fb</ProjectId>
      <CorrelationId>TD.Domain.Services.CRUD.ReadOnlyService</CorrelationId>
      <OverwriteBehaviour>always</OverwriteBehaviour>
      <ApplicationRelativeFilePath>../../CoreApplicationFilterVal_10/src/CoreApplicationFilterVal_10.Domain/Common/Services/ReadOnlyService.cs</ApplicationRelativeFilePath>
      <ProjectRelativeFilePath>ReadOnlyService.cs</ProjectRelativeFilePath>
      <IsIgnored>false</IsIgnored>
    </FileLog>
    <FileLog>
      <ProjectId>aba9ebe8-d838-4df8-8697-6c947d5991fb</ProjectId>
      <CorrelationId>TD.Domain.Services.CRUD.ReadWriteService</CorrelationId>
      <OverwriteBehaviour>always</OverwriteBehaviour>
      <ApplicationRelativeFilePath>../../CoreApplicationFilterVal_10/src/CoreApplicationFilterVal_10.Domain/Common/Services/ReadWriteService.cs</ApplicationRelativeFilePath>
      <ProjectRelativeFilePath>ReadWriteService.cs</ProjectRelativeFilePath>
      <IsIgnored>false</IsIgnored>
    </FileLog>
    <FileLog>
      <ProjectId>ae390a5f-b0b7-4421-8c3c-a355af0dff04</ProjectId>
      <CorrelationId>TD.Domain.Common.ValidationError</CorrelationId>
      <OverwriteBehaviour>always</OverwriteBehaviour>
      <ApplicationRelativeFilePath>../../CoreApplicationFilterVal_10/src/CoreApplicationFilterVal_10.Domain/Common/Validation/ValidationError.cs</ApplicationRelativeFilePath>
      <ProjectRelativeFilePath>ValidationError.cs</ProjectRelativeFilePath>
      <IsIgnored>false</IsIgnored>
    </FileLog>
    <FileLog>
      <ProjectId>ae390a5f-b0b7-4421-8c3c-a355af0dff04</ProjectId>
      <CorrelationId>TD.Domain.Common.ValidationErrorType</CorrelationId>
      <OverwriteBehaviour>always</OverwriteBehaviour>
      <ApplicationRelativeFilePath>../../CoreApplicationFilterVal_10/src/CoreApplicationFilterVal_10.Domain/Common/Validation/ValidationErrorType.cs</ApplicationRelativeFilePath>
      <ProjectRelativeFilePath>ValidationErrorType.cs</ProjectRelativeFilePath>
      <IsIgnored>false</IsIgnored>
    </FileLog>
    <FileLog>
      <ProjectId>ae390a5f-b0b7-4421-8c3c-a355af0dff04</ProjectId>
      <CorrelationId>TD.Domain.Common.ValidationOperationType</CorrelationId>
      <OverwriteBehaviour>always</OverwriteBehaviour>
      <ApplicationRelativeFilePath>../../CoreApplicationFilterVal_10/src/CoreApplicationFilterVal_10.Domain/Common/Validation/ValidationOperationType.cs</ApplicationRelativeFilePath>
      <ProjectRelativeFilePath>ValidationOperationType.cs</ProjectRelativeFilePath>
      <IsIgnored>false</IsIgnored>
    </FileLog>
    <FileLog>
      <ProjectId>e34801cf-cd65-4614-b2b6-51126c928f86</ProjectId>
      <CorrelationId>TD.Domain.Common.CodeValidator</CorrelationId>
      <OverwriteBehaviour>always</OverwriteBehaviour>
      <ApplicationRelativeFilePath>../../CoreApplicationFilterVal_10/src/CoreApplicationFilterVal_10.Domain/Common/Validation/Validators/CodeValidator.cs</ApplicationRelativeFilePath>
      <ProjectRelativeFilePath>CodeValidator.cs</ProjectRelativeFilePath>
      <IsIgnored>false</IsIgnored>
    </FileLog>
    <FileLog>
      <ProjectId>9035509b-6cdd-4bd1-a75b-3bc801847b83</ProjectId>
      <CorrelationId>TD.Domain.Contracts.Repositories.EntityReadWriteRepositoryInterfaces#6a7d8cf9-ef07-4777-b814-9cb20b5f2339</CorrelationId>
      <OverwriteBehaviour>always</OverwriteBehaviour>
      <ApplicationRelativeFilePath>../../CoreApplicationFilterVal_10/src/CoreApplicationFilterVal_10.Domain/Contracts/Repositories/IOwnerReadWriteRepository.cs</ApplicationRelativeFilePath>
      <ProjectRelativeFilePath>IOwnerReadWriteRepository.cs</ProjectRelativeFilePath>
      <IsIgnored>false</IsIgnored>
    </FileLog>
    <FileLog>
      <ProjectId>d6470b0a-b599-4952-a650-20a5fc285f4b</ProjectId>
      <CorrelationId>TD.Domain.Services.ServiceContracts#f8d0f144-2bce-4743-ac3c-f71edc6fc33c</CorrelationId>
      <OverwriteBehaviour>always</OverwriteBehaviour>
      <ApplicationRelativeFilePath>../../CoreApplicationFilterVal_10/src/CoreApplicationFilterVal_10.Domain/Contracts/Services/IOwnerService.cs</ApplicationRelativeFilePath>
      <ProjectRelativeFilePath>IOwnerService.cs</ProjectRelativeFilePath>
      <IsIgnored>false</IsIgnored>
    </FileLog>
    <FileLog>
      <ProjectId>d6470b0a-b599-4952-a650-20a5fc285f4b</ProjectId>
      <CorrelationId>TD.Domain.Services.CRUD.ReadOnlyServiceContract</CorrelationId>
      <OverwriteBehaviour>always</OverwriteBehaviour>
      <ApplicationRelativeFilePath>../../CoreApplicationFilterVal_10/src/CoreApplicationFilterVal_10.Domain/Contracts/Services/IReadOnlyService.cs</ApplicationRelativeFilePath>
      <ProjectRelativeFilePath>IReadOnlyService.cs</ProjectRelativeFilePath>
      <IsIgnored>false</IsIgnored>
    </FileLog>
    <FileLog>
      <ProjectId>d6470b0a-b599-4952-a650-20a5fc285f4b</ProjectId>
      <CorrelationId>TD.Domain.Services.CRUD.ReadWriteServiceContract</CorrelationId>
      <OverwriteBehaviour>always</OverwriteBehaviour>
      <ApplicationRelativeFilePath>../../CoreApplicationFilterVal_10/src/CoreApplicationFilterVal_10.Domain/Contracts/Services/IReadWriteService.cs</ApplicationRelativeFilePath>
      <ProjectRelativeFilePath>IReadWriteService.cs</ProjectRelativeFilePath>
      <IsIgnored>false</IsIgnored>
    </FileLog>
    <FileLog>
      <ProjectId>8bc03e54-cc18-4dd4-9e5b-c1f3729ea232</ProjectId>
      <CorrelationId>Intent.VisualStudio.Projects.CoreLibrary.CSProject#8bc03e54-cc18-4dd4-9e5b-c1f3729ea232</CorrelationId>
      <OverwriteBehaviour>once-off</OverwriteBehaviour>
      <ApplicationRelativeFilePath>../../CoreApplicationFilterVal_10/src/CoreApplicationFilterVal_10.Domain/CoreApplicationFilterVal_10.Domain.csproj</ApplicationRelativeFilePath>
      <ProjectRelativeFilePath>CoreApplicationFilterVal_10.Domain.csproj</ProjectRelativeFilePath>
      <IsIgnored>false</IsIgnored>
    </FileLog>
    <FileLog>
      <ProjectId>8bc03e54-cc18-4dd4-9e5b-c1f3729ea232</ProjectId>
      <CorrelationId>TD.Domain.DI.DomainDependencyInjection</CorrelationId>
      <OverwriteBehaviour>always</OverwriteBehaviour>
      <ApplicationRelativeFilePath>../../CoreApplicationFilterVal_10/src/CoreApplicationFilterVal_10.Domain/DependencyInjection.cs</ApplicationRelativeFilePath>
      <ProjectRelativeFilePath>DependencyInjection.cs</ProjectRelativeFilePath>
      <IsIgnored>false</IsIgnored>
    </FileLog>
    <FileLog>
      <ProjectId>8bc03e54-cc18-4dd4-9e5b-c1f3729ea232</ProjectId>
      <CorrelationId>TD.Entities.Audit.AuditInterface</CorrelationId>
      <OverwriteBehaviour>always</OverwriteBehaviour>
      <ApplicationRelativeFilePath>../../CoreApplicationFilterVal_10/src/CoreApplicationFilterVal_10.Domain/IAudit.cs</ApplicationRelativeFilePath>
      <ProjectRelativeFilePath>IAudit.cs</ProjectRelativeFilePath>
      <IsIgnored>false</IsIgnored>
    </FileLog>
    <FileLog>
      <ProjectId>0b46f7c7-087a-4a2c-9feb-4af96666ff3d</ProjectId>
      <CorrelationId>TD.Domain.Entities.Entity#6a7d8cf9-ef07-4777-b814-9cb20b5f2339</CorrelationId>
      <OverwriteBehaviour>always</OverwriteBehaviour>
      <ApplicationRelativeFilePath>../../CoreApplicationFilterVal_10/src/CoreApplicationFilterVal_10.Domain/Models/Entities/Owners/Owner.cs</ApplicationRelativeFilePath>
      <ProjectRelativeFilePath>Owners/Owner.cs</ProjectRelativeFilePath>
      <IsIgnored>false</IsIgnored>
    </FileLog>
    <FileLog>
      <ProjectId>0b46f7c7-087a-4a2c-9feb-4af96666ff3d</ProjectId>
      <CorrelationId>TD.Domain.Services.Dto#88bc3eaa-6139-4007-aa48-f73a68e58cc2</CorrelationId>
      <OverwriteBehaviour>always</OverwriteBehaviour>
      <ApplicationRelativeFilePath>../../CoreApplicationFilterVal_10/src/CoreApplicationFilterVal_10.Domain/Models/Entities/Owners/OwnerDTO.cs</ApplicationRelativeFilePath>
      <ProjectRelativeFilePath>Owners/OwnerDTO.cs</ProjectRelativeFilePath>
      <IsIgnored>false</IsIgnored>
    </FileLog>
    <FileLog>
      <ProjectId>0b46f7c7-087a-4a2c-9feb-4af96666ff3d</ProjectId>
      <CorrelationId>TD.Domain.Services.Validation.Fluent.DomainDtoValidation#88bc3eaa-6139-4007-aa48-f73a68e58cc2</CorrelationId>
      <OverwriteBehaviour>always</OverwriteBehaviour>
      <ApplicationRelativeFilePath>../../CoreApplicationFilterVal_10/src/CoreApplicationFilterVal_10.Domain/Models/Entities/Owners/OwnerDTOValidator.cs</ApplicationRelativeFilePath>
      <ProjectRelativeFilePath>Owners/OwnerDTOValidator.cs</ProjectRelativeFilePath>
      <IsIgnored>false</IsIgnored>
    </FileLog>
    <FileLog>
      <ProjectId>0b46f7c7-087a-4a2c-9feb-4af96666ff3d</ProjectId>
      <CorrelationId>TD.Domain.Entities.Filters.EntityFilter#e3596e06-ec3a-4a56-b1eb-bfe7714cec4b</CorrelationId>
      <OverwriteBehaviour>always</OverwriteBehaviour>
      <ApplicationRelativeFilePath>../../CoreApplicationFilterVal_10/src/CoreApplicationFilterVal_10.Domain/Models/Entities/Owners/OwnerFilter.cs</ApplicationRelativeFilePath>
      <ProjectRelativeFilePath>Owners/OwnerFilter.cs</ProjectRelativeFilePath>
      <IsIgnored>false</IsIgnored>
    </FileLog>
    <FileLog>
      <ProjectId>0b46f7c7-087a-4a2c-9feb-4af96666ff3d</ProjectId>
      <CorrelationId>TD.Entities.Filters.Validation.Fluent.EntityFilterValidation#e3596e06-ec3a-4a56-b1eb-bfe7714cec4b</CorrelationId>
      <OverwriteBehaviour>always</OverwriteBehaviour>
      <ApplicationRelativeFilePath>../../CoreApplicationFilterVal_10/src/CoreApplicationFilterVal_10.Domain/Models/Entities/Owners/OwnerFilterValidator.cs</ApplicationRelativeFilePath>
      <ProjectRelativeFilePath>Owners/OwnerFilterValidator.cs</ProjectRelativeFilePath>
      <IsIgnored>false</IsIgnored>
    </FileLog>
    <FileLog>
      <ProjectId>0b46f7c7-087a-4a2c-9feb-4af96666ff3d</ProjectId>
      <CorrelationId>TD.Domain.Services.Dto#98924fad-614c-4d3c-8678-46bb4f84eb17</CorrelationId>
      <OverwriteBehaviour>always</OverwriteBehaviour>
      <ApplicationRelativeFilePath>../../CoreApplicationFilterVal_10/src/CoreApplicationFilterVal_10.Domain/Models/Entities/Owners/OwnerVM.cs</ApplicationRelativeFilePath>
      <ProjectRelativeFilePath>Owners/OwnerVM.cs</ProjectRelativeFilePath>
      <IsIgnored>false</IsIgnored>
    </FileLog>
    <FileLog>
      <ProjectId>0b46f7c7-087a-4a2c-9feb-4af96666ff3d</ProjectId>
      <CorrelationId>TD.Domain.Services.Validation.Fluent.DomainDtoValidation#98924fad-614c-4d3c-8678-46bb4f84eb17</CorrelationId>
      <OverwriteBehaviour>always</OverwriteBehaviour>
      <ApplicationRelativeFilePath>../../CoreApplicationFilterVal_10/src/CoreApplicationFilterVal_10.Domain/Models/Entities/Owners/OwnerVMValidator.cs</ApplicationRelativeFilePath>
      <ProjectRelativeFilePath>Owners/OwnerVMValidator.cs</ProjectRelativeFilePath>
      <IsIgnored>false</IsIgnored>
    </FileLog>
    <FileLog>
      <ProjectId>1996a699-4617-4b3a-8659-4aed6caa7b0c</ProjectId>
      <CorrelationId>TD.Domain.Services.Services#f8d0f144-2bce-4743-ac3c-f71edc6fc33c</CorrelationId>
      <OverwriteBehaviour>always</OverwriteBehaviour>
      <ApplicationRelativeFilePath>../../CoreApplicationFilterVal_10/src/CoreApplicationFilterVal_10.Domain/Services/OwnerService.cs</ApplicationRelativeFilePath>
      <ProjectRelativeFilePath>OwnerService.cs</ProjectRelativeFilePath>
      <IsIgnored>false</IsIgnored>
    </FileLog>
    <FileLog>
      <ProjectId>e4321a92-a6ee-49f6-b3a3-354654760cb0</ProjectId>
      <CorrelationId>TD.Domain.Common.DateTime.DateTimeUtil</CorrelationId>
      <OverwriteBehaviour>always</OverwriteBehaviour>
      <ApplicationRelativeFilePath>../../CoreApplicationFilterVal_10/src/CoreApplicationFilterVal_10.Domain/Utils/DateTimeUtil.cs</ApplicationRelativeFilePath>
      <ProjectRelativeFilePath>DateTimeUtil.cs</ProjectRelativeFilePath>
      <IsIgnored>false</IsIgnored>
    </FileLog>
    <FileLog>
      <ProjectId>5d57c5b8-2382-4699-8be4-2387ea92ecab</ProjectId>
      <CorrelationId>TD.Repositories.EF.ReadOnlyRepository</CorrelationId>
      <OverwriteBehaviour>always</OverwriteBehaviour>
      <ApplicationRelativeFilePath>../../CoreApplicationFilterVal_10/src/Infrastructure/CoreApplicationFilterVal_10.Persistence/Common/ReadOnlyRepository.cs</ApplicationRelativeFilePath>
      <ProjectRelativeFilePath>ReadOnlyRepository.cs</ProjectRelativeFilePath>
      <IsIgnored>false</IsIgnored>
    </FileLog>
    <FileLog>
      <ProjectId>5d57c5b8-2382-4699-8be4-2387ea92ecab</ProjectId>
      <CorrelationId>TD.Repositories.EF.ReadWriteRepository</CorrelationId>
      <OverwriteBehaviour>always</OverwriteBehaviour>
      <ApplicationRelativeFilePath>../../CoreApplicationFilterVal_10/src/Infrastructure/CoreApplicationFilterVal_10.Persistence/Common/ReadWriteRepository.cs</ApplicationRelativeFilePath>
      <ProjectRelativeFilePath>ReadWriteRepository.cs</ProjectRelativeFilePath>
      <IsIgnored>false</IsIgnored>
    </FileLog>
    <FileLog>
      <ProjectId>eba4d068-342d-442e-ba90-95c818b73013</ProjectId>
      <CorrelationId>Intent.VisualStudio.Projects.CoreLibrary.CSProject#eba4d068-342d-442e-ba90-95c818b73013</CorrelationId>
      <OverwriteBehaviour>once-off</OverwriteBehaviour>
      <ApplicationRelativeFilePath>../../CoreApplicationFilterVal_10/src/Infrastructure/CoreApplicationFilterVal_10.Persistence/CoreApplicationFilterVal_10.Persistence.csproj</ApplicationRelativeFilePath>
      <ProjectRelativeFilePath>CoreApplicationFilterVal_10.Persistence.csproj</ProjectRelativeFilePath>
      <IsIgnored>false</IsIgnored>
    </FileLog>
    <FileLog>
      <ProjectId>eba4d068-342d-442e-ba90-95c818b73013</ProjectId>
      <CorrelationId>TD.Persistence.DI.PersistenceDependencyInjection</CorrelationId>
      <OverwriteBehaviour>always</OverwriteBehaviour>
      <ApplicationRelativeFilePath>../../CoreApplicationFilterVal_10/src/Infrastructure/CoreApplicationFilterVal_10.Persistence/DependencyInjection.cs</ApplicationRelativeFilePath>
      <ProjectRelativeFilePath>DependencyInjection.cs</ProjectRelativeFilePath>
      <IsIgnored>false</IsIgnored>
    </FileLog>
    <FileLog>
      <ProjectId>37e8d8c7-bcbd-4f24-8ed3-96601d6c79ac</ProjectId>
      <CorrelationId>Intent.EntityFrameworkCore.DbContext</CorrelationId>
      <OverwriteBehaviour>always</OverwriteBehaviour>
      <ApplicationRelativeFilePath>../../CoreApplicationFilterVal_10/src/Infrastructure/CoreApplicationFilterVal_10.Persistence/Persistence/ApplicationDbContext.cs</ApplicationRelativeFilePath>
      <ProjectRelativeFilePath>ApplicationDbContext.cs</ProjectRelativeFilePath>
      <IsIgnored>false</IsIgnored>
    </FileLog>
    <FileLog>
      <ProjectId>681fbc99-4255-4154-93a4-5473543d8d47</ProjectId>
      <CorrelationId>Intent.EntityFrameworkCore.EntityTypeConfiguration#6a7d8cf9-ef07-4777-b814-9cb20b5f2339</CorrelationId>
      <OverwriteBehaviour>always</OverwriteBehaviour>
      <ApplicationRelativeFilePath>../../CoreApplicationFilterVal_10/src/Infrastructure/CoreApplicationFilterVal_10.Persistence/Persistence/Configurations/OwnerConfiguration.cs</ApplicationRelativeFilePath>
      <ProjectRelativeFilePath>OwnerConfiguration.cs</ProjectRelativeFilePath>
      <IsIgnored>false</IsIgnored>
    </FileLog>
    <FileLog>
      <ProjectId>37e8d8c7-bcbd-4f24-8ed3-96601d6c79ac</ProjectId>
      <CorrelationId>Intent.EntityFrameworkCore.DbMigrationsReadMe</CorrelationId>
      <OverwriteBehaviour>always</OverwriteBehaviour>
      <ApplicationRelativeFilePath>../../CoreApplicationFilterVal_10/src/Infrastructure/CoreApplicationFilterVal_10.Persistence/Persistence/MIGRATION_README.txt</ApplicationRelativeFilePath>
      <ProjectRelativeFilePath>MIGRATION_README.txt</ProjectRelativeFilePath>
      <IsIgnored>false</IsIgnored>
    </FileLog>
    <FileLog>
      <ProjectId>c464ee07-8eaf-4603-9a42-997943200cc9</ProjectId>
      <CorrelationId>TD.Repositories.EF.ReadWriteRepositories#6a7d8cf9-ef07-4777-b814-9cb20b5f2339</CorrelationId>
      <OverwriteBehaviour>always</OverwriteBehaviour>
      <ApplicationRelativeFilePath>../../CoreApplicationFilterVal_10/src/Infrastructure/CoreApplicationFilterVal_10.Persistence/Repositories/OwnerReadWriteRepository.cs</ApplicationRelativeFilePath>
      <ProjectRelativeFilePath>OwnerReadWriteRepository.cs</ProjectRelativeFilePath>
      <IsIgnored>false</IsIgnored>
    </FileLog>
    <FileLog>
      <ProjectId>2335d748-8cde-40f3-b5ad-b338b44cd7e3</ProjectId>
      <CorrelationId>Intent.VisualStudio.Projects.CoreLibrary.CSProject#2335d748-8cde-40f3-b5ad-b338b44cd7e3</CorrelationId>
      <OverwriteBehaviour>once-off</OverwriteBehaviour>
      <ApplicationRelativeFilePath>../../CoreApplicationFilterVal_10/tests/CoreApplicationFilterVal_10.Tests/CoreApplicationFilterVal_10.Tests.csproj</ApplicationRelativeFilePath>
      <ProjectRelativeFilePath>CoreApplicationFilterVal_10.Tests.csproj</ProjectRelativeFilePath>
      <IsIgnored>false</IsIgnored>
    </FileLog>
  </FileLogs>
</outputLog>